[2025-10-09 15:52:30] == startaisplitter: init ==
[2025-10-09 15:52:30] Session log: /Users/jaydenstern/Documents/GitHub/youtube2audaisplitter/logs/startaisplitterlog/20251009_155230.log
[2025-10-09 15:52:30] Picker candidates (must be getaudiofile2.py): /Users/jaydenstern/Documents/GitHub/youtube2audaisplitter/plumming/getaudiofile2.py
[2025-10-09 15:52:30] Using picker: /Users/jaydenstern/Documents/GitHub/youtube2audaisplitter/plumming/getaudiofile2.py
[2025-10-09 15:52:30] Checkpoint candidates: ['/Users/jaydenstern/Documents/GitHub/youtube2audaisplitter/commandroutes/checkpoint.py']
[2025-10-09 15:52:30] Using checkpoint: /Users/jaydenstern/Documents/GitHub/youtube2audaisplitter/commandroutes/checkpoint.py
[2025-10-09 15:52:30] Cleared stale temp file: /Users/jaydenstern/Documents/GitHub/youtube2audaisplitter/.tmp/selected_audio_path.txt
[2025-10-09 15:52:30] Opening picker in a new terminal window...
[2025-10-09 15:52:30] Picker command (inner shell): cd /Users/jaydenstern/Documents/GitHub/youtube2audaisplitter; export PICKER_TEMP_PATH=/Users/jaydenstern/Documents/GitHub/youtube2audaisplitter/.tmp/selected_audio_path.txt; /Users/jaydenstern/Documents/GitHub/youtube2audaisplitter/musictools/bin/python /Users/jaydenstern/Documents/GitHub/youtube2audaisplitter/plumming/getaudiofile2.py --write-temp /Users/jaydenstern/Documents/GitHub/youtube2audaisplitter/.tmp/selected_audio_path.txt; printf "\nDone. You can close this window.\n"; exec $SHELL
[2025-10-09 15:52:30] Launching macOS Terminal via AppleScript.
[2025-10-09 15:52:30] Waiting for selection (getaudiofile2.py)...
[2025-10-09 15:52:30] Watching temp paths:
  • /Users/jaydenstern/Documents/GitHub/youtube2audaisplitter/.tmp/selected_audio_path.txt
  • /Users/jaydenstern/Library/Application Support/MusicTechTools/tmp/selected_audio_path.txt
  • /tmp/musictechtools_selected_audio_path.txt
[2025-10-09 15:52:49] Detected selection at: /Users/jaydenstern/Documents/GitHub/youtube2audaisplitter/.tmp/selected_audio_path.txt
[2025-10-09 15:52:49] Selected file: /Users/jaydenstern/Downloads/Frizzle Lofi Samples - Love/Kenny Burrell Quartet - Autumn in New York.mp3
[2025-10-09 15:53:05] Splitter type: basic
[2025-10-09 15:53:05] Converting to WAV via ffmpeg:
  IN:  /Users/jaydenstern/Downloads/Frizzle Lofi Samples - Love/Kenny Burrell Quartet - Autumn in New York.mp3
  OUT: /Users/jaydenstern/Documents/GitHub/youtube2audaisplitter/.tmp/Kenny Burrell Quartet - Autumn in New York.wav
[2025-10-09 15:53:09] ffmpeg conversion successful.
[2025-10-09 15:53:09] Launching checkpoint.py...
[2025-10-09 15:53:09] Command: /Users/jaydenstern/Documents/GitHub/youtube2audaisplitter/musictools/bin/python /Users/jaydenstern/Documents/GitHub/youtube2audaisplitter/commandroutes/checkpoint.py --input '/Users/jaydenstern/Documents/GitHub/youtube2audaisplitter/.tmp/Kenny Burrell Quartet - Autumn in New York.wav' --splitter basic
