[2025-10-09 16:02:40] == startaisplitter: init ==
[2025-10-09 16:02:40] Session log: /Users/jaydenstern/Documents/GitHub/youtube2audaisplitter/logs/startaisplitterlog/20251009_160240.log
[2025-10-09 16:02:40] Picker candidates (must be getaudiofile2.py): /Users/jaydenstern/Documents/GitHub/youtube2audaisplitter/plumming/getaudiofile2.py
[2025-10-09 16:02:40] Using picker: /Users/jaydenstern/Documents/GitHub/youtube2audaisplitter/plumming/getaudiofile2.py
[2025-10-09 16:02:40] Checkpoint candidates: ['/Users/jaydenstern/Documents/GitHub/youtube2audaisplitter/commandroutes/checkpoint.py']
[2025-10-09 16:02:40] Using checkpoint: /Users/jaydenstern/Documents/GitHub/youtube2audaisplitter/commandroutes/checkpoint.py
[2025-10-09 16:02:40] Cleared stale temp file: /Users/jaydenstern/Documents/GitHub/youtube2audaisplitter/.tmp/selected_audio_path.txt
[2025-10-09 16:02:40] Opening picker in a new terminal window...
[2025-10-09 16:02:40] Picker command (inner shell): cd /Users/jaydenstern/Documents/GitHub/youtube2audaisplitter; export PICKER_TEMP_PATH=/Users/jaydenstern/Documents/GitHub/youtube2audaisplitter/.tmp/selected_audio_path.txt; /Users/jaydenstern/Documents/GitHub/youtube2audaisplitter/musictools/bin/python /Users/jaydenstern/Documents/GitHub/youtube2audaisplitter/plumming/getaudiofile2.py --write-temp /Users/jaydenstern/Documents/GitHub/youtube2audaisplitter/.tmp/selected_audio_path.txt; printf "\nDone. You can close this window.\n"; exec $SHELL
[2025-10-09 16:02:40] Launching macOS Terminal via AppleScript.
[2025-10-09 16:02:40] Waiting for selection (getaudiofile2.py)...
[2025-10-09 16:02:40] Watching temp paths:
  • /Users/jaydenstern/Documents/GitHub/youtube2audaisplitter/.tmp/selected_audio_path.txt
  • /Users/jaydenstern/Library/Application Support/MusicTechTools/tmp/selected_audio_path.txt
  • /tmp/musictechtools_selected_audio_path.txt
[2025-10-09 16:02:46] Detected selection at: /Users/jaydenstern/Documents/GitHub/youtube2audaisplitter/.tmp/selected_audio_path.txt
[2025-10-09 16:02:46] Selected file: /Users/jaydenstern/Downloads/Someone That I Used to Know 2.wav
[2025-10-09 16:02:56] Splitter type: basic
[2025-10-09 16:02:56] Selected file is already a .wav.
[2025-10-09 16:02:56] Launching checkpoint.py...
[2025-10-09 16:02:56] Command: /Users/jaydenstern/Documents/GitHub/youtube2audaisplitter/musictools/bin/python /Users/jaydenstern/Documents/GitHub/youtube2audaisplitter/commandroutes/checkpoint.py --input '/Users/jaydenstern/Downloads/Someone That I Used to Know 2.wav' --splitter basic
