[2025-10-09 16:05:48] == startaisplitter: init ==
[2025-10-09 16:05:48] Session log: /Users/jaydenstern/Documents/GitHub/youtube2audaisplitter/logs/startaisplitterlog/20251009_160548.log
[2025-10-09 16:05:48] Picker candidates (must be getaudiofile2.py): /Users/jaydenstern/Documents/GitHub/youtube2audaisplitter/plumming/getaudiofile2.py
[2025-10-09 16:05:48] Using picker: /Users/jaydenstern/Documents/GitHub/youtube2audaisplitter/plumming/getaudiofile2.py
[2025-10-09 16:05:48] Checkpoint candidates: ['/Users/jaydenstern/Documents/GitHub/youtube2audaisplitter/commandroutes/checkpoint.py']
[2025-10-09 16:05:48] Using checkpoint: /Users/jaydenstern/Documents/GitHub/youtube2audaisplitter/commandroutes/checkpoint.py
[2025-10-09 16:05:48] Cleared stale temp file: /Users/jaydenstern/Documents/GitHub/youtube2audaisplitter/.tmp/selected_audio_path.txt
[2025-10-09 16:05:48] Opening picker in a new terminal window...
[2025-10-09 16:05:48] Picker command (inner shell): cd /Users/jaydenstern/Documents/GitHub/youtube2audaisplitter; export PICKER_TEMP_PATH=/Users/jaydenstern/Documents/GitHub/youtube2audaisplitter/.tmp/selected_audio_path.txt; /Users/jaydenstern/Documents/GitHub/youtube2audaisplitter/musictools/bin/python /Users/jaydenstern/Documents/GitHub/youtube2audaisplitter/plumming/getaudiofile2.py --write-temp /Users/jaydenstern/Documents/GitHub/youtube2audaisplitter/.tmp/selected_audio_path.txt; printf "\nDone. You can close this window.\n"; exec $SHELL
[2025-10-09 16:05:48] Launching macOS Terminal via AppleScript.
[2025-10-09 16:05:48] Waiting for selection (getaudiofile2.py)...
[2025-10-09 16:05:48] Watching temp paths:
  • /Users/jaydenstern/Documents/GitHub/youtube2audaisplitter/.tmp/selected_audio_path.txt
  • /Users/jaydenstern/Library/Application Support/MusicTechTools/tmp/selected_audio_path.txt
  • /tmp/musictechtools_selected_audio_path.txt
[2025-10-09 16:05:53] Detected selection at: /Users/jaydenstern/Documents/GitHub/youtube2audaisplitter/.tmp/selected_audio_path.txt
[2025-10-09 16:05:53] Selected file: /Users/jaydenstern/Downloads/Someone That I Used to Know 2.wav
[2025-10-09 16:06:05] Splitter type: basic
[2025-10-09 16:06:05] Selected file is already a .wav.
[2025-10-09 16:06:05] Launching checkpoint.py...
[2025-10-09 16:06:05] Command: /Users/jaydenstern/Documents/GitHub/youtube2audaisplitter/musictools/bin/python /Users/jaydenstern/Documents/GitHub/youtube2audaisplitter/commandroutes/checkpoint.py --input '/Users/jaydenstern/Downloads/Someone That I Used to Know 2.wav' --splitter basic
[2025-10-09 16:06:05] Running checkpoint under PTY (POSIX).

------------------------------------------------------------------------
[checkpoint] CHECKPOINT
------------------------------------------------------------------------
[checkpoint] OS: Darwin
[checkpoint] MusicTechTools root: /Users/jaydenstern/Documents/GitHub/youtube2audaisplitter
[checkpoint] Stems project root: /Users/jaydenstern/Documents/GitHub/youtube2audaisplitter/youtube2audwstems
[checkpoint] Searching for recent .wav under: /Users/jaydenstern/Downloads
[checkpoint] Could not determine .wav automatically.

[checkpoint] Paste absolute path to a .wav (or leave blank to cancel): [2025-10-09 16:06:05] PTY: answered prompt with selected WAV path.

CHECKPOINT
  1) Basic Stem Separation
  2) Complex Stem Separation
Type 1 or 2, then press Enter.

> 